I, [2015-02-18T15:19:54.993553 #10530]  INFO -- Kitchen: -----> Starting Kitchen (v1.3.1)
I, [2015-02-18T15:19:55.453419 #10530]  INFO -- Kitchen: -----> Creating <default-centos65>...
I, [2015-02-18T15:20:35.552862 #10530]  INFO -- Kitchen: -----> Converging <default-centos65>...
I, [2015-02-18T15:20:51.498528 #10530]  INFO -- Kitchen: -----> Kitchen is finished. (0m56.51s)
I, [2015-02-18T15:21:23.374368 #10676]  INFO -- Kitchen: -----> Starting Kitchen (v1.3.1)
I, [2015-02-18T15:21:23.832685 #10676]  INFO -- Kitchen: -----> Converging <default-centos65>...
I, [2015-02-18T15:21:27.815497 #10676]  INFO -- Kitchen: -----> Kitchen is finished. (0m4.44s)
I, [2015-02-18T15:22:16.183459 #10716]  INFO -- Kitchen: -----> Starting Kitchen (v1.3.1)
I, [2015-02-18T15:22:16.642046 #10716]  INFO -- Kitchen: -----> Destroying <default-centos65>...
I, [2015-02-18T15:22:20.113661 #10716]  INFO -- Kitchen: -----> Kitchen is finished. (0m3.93s)
I, [2015-02-19T08:42:07.996401 #13671]  INFO -- Kitchen: -----> Starting Kitchen (v1.3.1)
I, [2015-02-19T08:42:08.423953 #13671]  INFO -- Kitchen: -----> Creating <default-centos65>...
I, [2015-02-19T08:42:40.738478 #13671]  INFO -- Kitchen: -----> Converging <default-centos65>...
I, [2015-02-19T08:43:07.183033 #13671]  INFO -- Kitchen: -----> Kitchen is finished. (0m59.19s)
I, [2015-02-19T08:43:33.745138 #13833]  INFO -- Kitchen: -----> Starting Kitchen (v1.3.1)
I, [2015-02-19T08:43:34.170149 #13833]  INFO -- Kitchen: -----> Destroying <default-centos65>...
I, [2015-02-19T08:43:37.509164 #13833]  INFO -- Kitchen: -----> Kitchen is finished. (0m3.76s)
I, [2015-02-19T08:44:27.598423 #13929]  INFO -- Kitchen: -----> Starting Kitchen (v1.3.1)
I, [2015-02-19T08:44:28.021951 #13929]  INFO -- Kitchen: -----> Creating <default-centos65>...
I, [2015-02-19T08:45:01.693835 #13929]  INFO -- Kitchen: -----> Converging <default-centos65>...
I, [2015-02-19T08:45:16.037289 #13929]  INFO -- Kitchen: -----> Kitchen is finished. (0m48.44s)
I, [2015-02-19T08:47:28.611490 #14106]  INFO -- Kitchen: -----> Starting Kitchen (v1.3.1)
I, [2015-02-19T08:47:29.045300 #14106]  INFO -- Kitchen: -----> Converging <default-centos65>...
I, [2015-02-19T08:47:31.093884 #14106]  INFO -- Kitchen: -----> Kitchen is finished. (0m2.48s)
I, [2015-02-19T08:56:11.189228 #14390]  INFO -- Kitchen: -----> Starting Kitchen (v1.3.1)
I, [2015-02-19T08:56:11.624729 #14390]  INFO -- Kitchen: -----> Converging <default-centos65>...
I, [2015-02-19T08:56:15.849719 #14390]  INFO -- Kitchen: -----> Kitchen is finished. (0m4.66s)
I, [2015-02-19T11:17:17.326974 #16014]  INFO -- Kitchen: -----> Starting Kitchen (v1.3.1)
I, [2015-02-19T11:17:17.783463 #16014]  INFO -- Kitchen: -----> Converging <default-centos65>...
E, [2015-02-19T11:17:19.870043 #16014] ERROR -- Kitchen: ------Exception-------
E, [2015-02-19T11:17:19.870145 #16014] ERROR -- Kitchen: Class: Kitchen::ActionFailed
E, [2015-02-19T11:17:19.870171 #16014] ERROR -- Kitchen: Message: Failed to complete #converge action: [Connection refused - connect(2) for "127.0.0.1" port 2222]
E, [2015-02-19T11:17:19.870193 #16014] ERROR -- Kitchen: ---Nested Exception---
E, [2015-02-19T11:17:19.870211 #16014] ERROR -- Kitchen: Class: Errno::ECONNREFUSED
E, [2015-02-19T11:17:19.870232 #16014] ERROR -- Kitchen: Message: Connection refused - connect(2) for "127.0.0.1" port 2222
E, [2015-02-19T11:17:19.870249 #16014] ERROR -- Kitchen: ------Backtrace-------
E, [2015-02-19T11:17:19.870268 #16014] ERROR -- Kitchen: /Users/pbomars/.rvm/gems/ruby-2.2.0/gems/net-ssh-2.9.2/lib/net/ssh/transport/session.rb:70:in `initialize'
E, [2015-02-19T11:17:19.870289 #16014] ERROR -- Kitchen: /Users/pbomars/.rvm/gems/ruby-2.2.0/gems/net-ssh-2.9.2/lib/net/ssh/transport/session.rb:70:in `open'
E, [2015-02-19T11:17:19.870306 #16014] ERROR -- Kitchen: /Users/pbomars/.rvm/gems/ruby-2.2.0/gems/net-ssh-2.9.2/lib/net/ssh/transport/session.rb:70:in `block in initialize'
E, [2015-02-19T11:17:19.870322 #16014] ERROR -- Kitchen: /Users/pbomars/.rvm/rubies/ruby-2.2.0/lib/ruby/2.2.0/timeout.rb:74:in `timeout'
E, [2015-02-19T11:17:19.870336 #16014] ERROR -- Kitchen: /Users/pbomars/.rvm/rubies/ruby-2.2.0/lib/ruby/2.2.0/timeout.rb:125:in `timeout'
E, [2015-02-19T11:17:19.870364 #16014] ERROR -- Kitchen: /Users/pbomars/.rvm/gems/ruby-2.2.0/gems/net-ssh-2.9.2/lib/net/ssh/transport/session.rb:67:in `initialize'
E, [2015-02-19T11:17:19.870392 #16014] ERROR -- Kitchen: /Users/pbomars/.rvm/gems/ruby-2.2.0/gems/net-ssh-2.9.2/lib/net/ssh.rb:207:in `new'
E, [2015-02-19T11:17:19.870408 #16014] ERROR -- Kitchen: /Users/pbomars/.rvm/gems/ruby-2.2.0/gems/net-ssh-2.9.2/lib/net/ssh.rb:207:in `start'
E, [2015-02-19T11:17:19.870422 #16014] ERROR -- Kitchen: /Users/pbomars/.rvm/gems/ruby-2.2.0/gems/test-kitchen-1.3.1/lib/kitchen/ssh.rb:201:in `establish_connection'
E, [2015-02-19T11:17:19.870436 #16014] ERROR -- Kitchen: /Users/pbomars/.rvm/gems/ruby-2.2.0/gems/test-kitchen-1.3.1/lib/kitchen/ssh.rb:184:in `session'
E, [2015-02-19T11:17:19.870449 #16014] ERROR -- Kitchen: /Users/pbomars/.rvm/gems/ruby-2.2.0/gems/test-kitchen-1.3.1/lib/kitchen/ssh.rb:236:in `exec_with_exit'
E, [2015-02-19T11:17:19.870463 #16014] ERROR -- Kitchen: /Users/pbomars/.rvm/gems/ruby-2.2.0/gems/test-kitchen-1.3.1/lib/kitchen/ssh.rb:81:in `exec'
E, [2015-02-19T11:17:19.870477 #16014] ERROR -- Kitchen: /Users/pbomars/.rvm/gems/ruby-2.2.0/gems/test-kitchen-1.3.1/lib/kitchen/driver/ssh_base.rb:150:in `run_remote'
E, [2015-02-19T11:17:19.870490 #16014] ERROR -- Kitchen: /Users/pbomars/.rvm/gems/ruby-2.2.0/gems/test-kitchen-1.3.1/lib/kitchen/driver/ssh_base.rb:46:in `block in converge'
E, [2015-02-19T11:17:19.870504 #16014] ERROR -- Kitchen: /Users/pbomars/.rvm/gems/ruby-2.2.0/gems/test-kitchen-1.3.1/lib/kitchen/ssh.rb:70:in `initialize'
E, [2015-02-19T11:17:19.870518 #16014] ERROR -- Kitchen: /Users/pbomars/.rvm/gems/ruby-2.2.0/gems/test-kitchen-1.3.1/lib/kitchen/driver/ssh_base.rb:45:in `new'
E, [2015-02-19T11:17:19.870531 #16014] ERROR -- Kitchen: /Users/pbomars/.rvm/gems/ruby-2.2.0/gems/test-kitchen-1.3.1/lib/kitchen/driver/ssh_base.rb:45:in `converge'
E, [2015-02-19T11:17:19.870545 #16014] ERROR -- Kitchen: /Users/pbomars/.rvm/gems/ruby-2.2.0/gems/kitchen-vagrant-0.15.0/lib/kitchen/driver/vagrant.rb:75:in `converge'
E, [2015-02-19T11:17:19.870558 #16014] ERROR -- Kitchen: /Users/pbomars/.rvm/gems/ruby-2.2.0/gems/test-kitchen-1.3.1/lib/kitchen/instance.rb:352:in `public_send'
E, [2015-02-19T11:17:19.870572 #16014] ERROR -- Kitchen: /Users/pbomars/.rvm/gems/ruby-2.2.0/gems/test-kitchen-1.3.1/lib/kitchen/instance.rb:352:in `block in perform_action'
E, [2015-02-19T11:17:19.870586 #16014] ERROR -- Kitchen: /Users/pbomars/.rvm/gems/ruby-2.2.0/gems/test-kitchen-1.3.1/lib/kitchen/instance.rb:416:in `call'
E, [2015-02-19T11:17:19.870600 #16014] ERROR -- Kitchen: /Users/pbomars/.rvm/gems/ruby-2.2.0/gems/test-kitchen-1.3.1/lib/kitchen/instance.rb:416:in `synchronize_or_call'
E, [2015-02-19T11:17:19.870614 #16014] ERROR -- Kitchen: /Users/pbomars/.rvm/gems/ruby-2.2.0/gems/test-kitchen-1.3.1/lib/kitchen/instance.rb:381:in `block in action'
E, [2015-02-19T11:17:19.870627 #16014] ERROR -- Kitchen: /Users/pbomars/.rvm/rubies/ruby-2.2.0/lib/ruby/2.2.0/benchmark.rb:288:in `measure'
E, [2015-02-19T11:17:19.870641 #16014] ERROR -- Kitchen: /Users/pbomars/.rvm/gems/ruby-2.2.0/gems/test-kitchen-1.3.1/lib/kitchen/instance.rb:380:in `action'
E, [2015-02-19T11:17:19.870655 #16014] ERROR -- Kitchen: /Users/pbomars/.rvm/gems/ruby-2.2.0/gems/test-kitchen-1.3.1/lib/kitchen/instance.rb:352:in `perform_action'
E, [2015-02-19T11:17:19.870668 #16014] ERROR -- Kitchen: /Users/pbomars/.rvm/gems/ruby-2.2.0/gems/test-kitchen-1.3.1/lib/kitchen/instance.rb:312:in `converge_action'
E, [2015-02-19T11:17:19.870682 #16014] ERROR -- Kitchen: /Users/pbomars/.rvm/gems/ruby-2.2.0/gems/test-kitchen-1.3.1/lib/kitchen/instance.rb:292:in `block in transition_to'
E, [2015-02-19T11:17:19.870695 #16014] ERROR -- Kitchen: /Users/pbomars/.rvm/gems/ruby-2.2.0/gems/test-kitchen-1.3.1/lib/kitchen/instance.rb:291:in `each'
E, [2015-02-19T11:17:19.870709 #16014] ERROR -- Kitchen: /Users/pbomars/.rvm/gems/ruby-2.2.0/gems/test-kitchen-1.3.1/lib/kitchen/instance.rb:291:in `transition_to'
E, [2015-02-19T11:17:19.870730 #16014] ERROR -- Kitchen: /Users/pbomars/.rvm/gems/ruby-2.2.0/gems/test-kitchen-1.3.1/lib/kitchen/instance.rb:130:in `converge'
E, [2015-02-19T11:17:19.870746 #16014] ERROR -- Kitchen: /Users/pbomars/.rvm/gems/ruby-2.2.0/gems/test-kitchen-1.3.1/lib/kitchen/command.rb:176:in `public_send'
E, [2015-02-19T11:17:19.870760 #16014] ERROR -- Kitchen: /Users/pbomars/.rvm/gems/ruby-2.2.0/gems/test-kitchen-1.3.1/lib/kitchen/command.rb:176:in `block (2 levels) in run_action'
E, [2015-02-19T11:17:19.870830 #16014] ERROR -- Kitchen: ----------------------
I, [2015-02-19T11:25:37.582680 #16442]  INFO -- Kitchen: -----> Starting Kitchen (v1.3.1)
I, [2015-02-19T11:25:38.028708 #16442]  INFO -- Kitchen: -----> Destroying <default-centos65>...
I, [2015-02-19T11:25:41.370325 #16442]  INFO -- Kitchen: -----> Kitchen is finished. (0m3.79s)
I, [2015-02-19T11:25:49.406157 #16502]  INFO -- Kitchen: -----> Starting Kitchen (v1.3.1)
I, [2015-02-19T11:25:49.860962 #16502]  INFO -- Kitchen: -----> Creating <default-centos65>...
I, [2015-02-19T11:26:22.777862 #16502]  INFO -- Kitchen: -----> Converging <default-centos65>...
I, [2015-02-19T11:26:37.714338 #16502]  INFO -- Kitchen: -----> Kitchen is finished. (0m48.31s)
I, [2015-02-19T13:10:44.956220 #17630]  INFO -- Kitchen: -----> Starting Kitchen (v1.3.1)
I, [2015-02-19T13:10:45.407310 #17630]  INFO -- Kitchen: -----> Converging <default-centos65>...
I, [2015-02-19T13:10:49.669123 #17630]  INFO -- Kitchen: -----> Kitchen is finished. (0m4.71s)
I, [2015-02-19T13:13:44.827249 #17738]  INFO -- Kitchen: -----> Starting Kitchen (v1.3.1)
I, [2015-02-19T13:13:45.269121 #17738]  INFO -- Kitchen: -----> Converging <default-centos65>...
E, [2015-02-19T13:13:49.214065 #17738] ERROR -- Kitchen: Converge failed on instance <default-centos65>.
I, [2015-02-19T13:14:02.988235 #17760]  INFO -- Kitchen: -----> Starting Kitchen (v1.3.1)
I, [2015-02-19T13:14:03.425367 #17760]  INFO -- Kitchen: -----> Converging <default-centos65>...
E, [2015-02-19T13:14:07.229922 #17760] ERROR -- Kitchen: Converge failed on instance <default-centos65>.
I, [2015-02-19T13:14:41.228241 #17812]  INFO -- Kitchen: -----> Starting Kitchen (v1.3.1)
I, [2015-02-19T13:14:41.661137 #17812]  INFO -- Kitchen: -----> Converging <default-centos65>...
I, [2015-02-19T13:14:43.648424 #17812]  INFO -- Kitchen: -----> Kitchen is finished. (0m2.42s)
I, [2015-02-19T13:15:28.141775 #17869]  INFO -- Kitchen: -----> Starting Kitchen (v1.3.1)
I, [2015-02-19T13:15:28.571169 #17869]  INFO -- Kitchen: -----> Converging <default-centos65>...
I, [2015-02-19T13:15:32.549168 #17869]  INFO -- Kitchen: -----> Kitchen is finished. (0m4.41s)
I, [2015-02-19T13:16:10.455459 #17923]  INFO -- Kitchen: -----> Starting Kitchen (v1.3.1)
I, [2015-02-19T13:16:10.901536 #17923]  INFO -- Kitchen: -----> Converging <default-centos65>...
I, [2015-02-19T13:16:12.882472 #17923]  INFO -- Kitchen: -----> Kitchen is finished. (0m2.43s)
I, [2015-02-19T13:19:25.785578 #17955]  INFO -- Kitchen: -----> Starting Kitchen (v1.3.1)
I, [2015-02-19T13:19:26.227304 #17955]  INFO -- Kitchen: -----> Destroying <default-centos65>...
I, [2015-02-19T13:19:29.598872 #17955]  INFO -- Kitchen: -----> Kitchen is finished. (0m3.81s)
