I, [2015-02-20T15:42:43.577747 #11441]  INFO -- node-centos65: -----> Creating <node-centos65>...
I, [2015-02-20T15:42:44.900055 #11441]  INFO -- node-centos65: Bringing machine 'default' up with 'virtualbox' provider...
I, [2015-02-20T15:42:45.082755 #11441]  INFO -- node-centos65: ==> default: Box 'learngingchef/centos65' could not be found. Attempting to find and install...
I, [2015-02-20T15:42:45.082957 #11441]  INFO -- node-centos65:     default: Box Provider: virtualbox
I, [2015-02-20T15:42:45.083264 #11441]  INFO -- node-centos65:     default: Box Version: >= 0
I, [2015-02-20T15:42:46.239576 #11441]  INFO -- node-centos65: ==> default: Loading metadata for box 'learningchef/centos65'
I, [2015-02-20T15:42:46.239911 #11441]  INFO -- node-centos65:     default: URL: https://atlas.hashicorp.com/learningchef/centos65
I, [2015-02-20T15:42:47.232529 #11441]  INFO -- node-centos65: The box you're adding has a name different from the name you
I, [2015-02-20T15:42:47.232585 #11441]  INFO -- node-centos65: requested. For boxes with metadata, you cannot override the name.
I, [2015-02-20T15:42:47.232605 #11441]  INFO -- node-centos65: If you're adding a box using `vagrant box add`, don't specify
I, [2015-02-20T15:42:47.232619 #11441]  INFO -- node-centos65: the `--name` parameter. If the box is being added via a Vagrantfile,
I, [2015-02-20T15:42:47.232633 #11441]  INFO -- node-centos65: change the `config.vm.box` value to match the name below.
I, [2015-02-20T15:42:47.232647 #11441]  INFO -- node-centos65: 
I, [2015-02-20T15:42:47.232658 #11441]  INFO -- node-centos65: Requested name: learngingchef/centos65
I, [2015-02-20T15:42:47.232671 #11441]  INFO -- node-centos65: Actual name: learningchef/centos65
E, [2015-02-20T15:42:47.270542 #11441] ERROR -- node-centos65: Create failed on instance <node-centos65>.
E, [2015-02-20T15:42:47.270700 #11441] ERROR -- node-centos65: ------Exception-------
E, [2015-02-20T15:42:47.270735 #11441] ERROR -- node-centos65: Class: Kitchen::ShellOut::ShellCommandFailed
E, [2015-02-20T15:42:47.270751 #11441] ERROR -- node-centos65: Message: Expected process to exit with [0], but received '1'
---- Begin output of vagrant up --no-provision --provider=virtualbox ----
STDOUT: Bringing machine 'default' up with 'virtualbox' provider...
==> default: Box 'learngingchef/centos65' could not be found. Attempting to find and install...
    default: Box Provider: virtualbox
    default: Box Version: >= 0
==> default: Loading metadata for box 'learningchef/centos65'
    default: URL: https://atlas.hashicorp.com/learningchef/centos65
STDERR: The box you're adding has a name different from the name you
requested. For boxes with metadata, you cannot override the name.
If you're adding a box using `vagrant box add`, don't specify
the `--name` parameter. If the box is being added via a Vagrantfile,
change the `config.vm.box` value to match the name below.

Requested name: learngingchef/centos65
Actual name: learningchef/centos65
---- End output of vagrant up --no-provision --provider=virtualbox ----
Ran vagrant up --no-provision --provider=virtualbox returned 1
E, [2015-02-20T15:42:47.270770 #11441] ERROR -- node-centos65: ---Nested Exception---
E, [2015-02-20T15:42:47.270829 #11441] ERROR -- node-centos65: Class: Mixlib::ShellOut::ShellCommandFailed
E, [2015-02-20T15:42:47.270847 #11441] ERROR -- node-centos65: Message: Expected process to exit with [0], but received '1'
---- Begin output of vagrant up --no-provision --provider=virtualbox ----
STDOUT: Bringing machine 'default' up with 'virtualbox' provider...
==> default: Box 'learngingchef/centos65' could not be found. Attempting to find and install...
    default: Box Provider: virtualbox
    default: Box Version: >= 0
==> default: Loading metadata for box 'learningchef/centos65'
    default: URL: https://atlas.hashicorp.com/learningchef/centos65
STDERR: The box you're adding has a name different from the name you
requested. For boxes with metadata, you cannot override the name.
If you're adding a box using `vagrant box add`, don't specify
the `--name` parameter. If the box is being added via a Vagrantfile,
change the `config.vm.box` value to match the name below.

Requested name: learngingchef/centos65
Actual name: learningchef/centos65
---- End output of vagrant up --no-provision --provider=virtualbox ----
Ran vagrant up --no-provision --provider=virtualbox returned 1
E, [2015-02-20T15:42:47.270894 #11441] ERROR -- node-centos65: ------Backtrace-------
E, [2015-02-20T15:42:47.270914 #11441] ERROR -- node-centos65: /Users/pbomars/.rvm/gems/ruby-2.2.0/gems/test-kitchen-1.3.1/lib/kitchen/shell_out.rb:69:in `rescue in run_command'
E, [2015-02-20T15:42:47.270933 #11441] ERROR -- node-centos65: /Users/pbomars/.rvm/gems/ruby-2.2.0/gems/test-kitchen-1.3.1/lib/kitchen/shell_out.rb:59:in `run_command'
E, [2015-02-20T15:42:47.270950 #11441] ERROR -- node-centos65: /Users/pbomars/.rvm/gems/ruby-2.2.0/gems/test-kitchen-1.3.1/lib/kitchen/driver/base.rb:182:in `run_command'
E, [2015-02-20T15:42:47.270965 #11441] ERROR -- node-centos65: /Users/pbomars/.rvm/gems/ruby-2.2.0/gems/kitchen-vagrant-0.15.0/lib/kitchen/driver/vagrant.rb:123:in `run'
E, [2015-02-20T15:42:47.270979 #11441] ERROR -- node-centos65: /Users/pbomars/.rvm/gems/ruby-2.2.0/gems/kitchen-vagrant-0.15.0/lib/kitchen/driver/vagrant.rb:68:in `create'
E, [2015-02-20T15:42:47.270994 #11441] ERROR -- node-centos65: /Users/pbomars/.rvm/gems/ruby-2.2.0/gems/test-kitchen-1.3.1/lib/kitchen/instance.rb:352:in `public_send'
E, [2015-02-20T15:42:47.271010 #11441] ERROR -- node-centos65: /Users/pbomars/.rvm/gems/ruby-2.2.0/gems/test-kitchen-1.3.1/lib/kitchen/instance.rb:352:in `block in perform_action'
E, [2015-02-20T15:42:47.271028 #11441] ERROR -- node-centos65: /Users/pbomars/.rvm/gems/ruby-2.2.0/gems/test-kitchen-1.3.1/lib/kitchen/instance.rb:413:in `call'
E, [2015-02-20T15:42:47.271045 #11441] ERROR -- node-centos65: /Users/pbomars/.rvm/gems/ruby-2.2.0/gems/test-kitchen-1.3.1/lib/kitchen/instance.rb:413:in `block in synchronize_or_call'
E, [2015-02-20T15:42:47.271062 #11441] ERROR -- node-centos65: /Users/pbomars/.rvm/gems/ruby-2.2.0/gems/test-kitchen-1.3.1/lib/kitchen/instance.rb:411:in `synchronize'
E, [2015-02-20T15:42:47.271080 #11441] ERROR -- node-centos65: /Users/pbomars/.rvm/gems/ruby-2.2.0/gems/test-kitchen-1.3.1/lib/kitchen/instance.rb:411:in `synchronize_or_call'
E, [2015-02-20T15:42:47.271095 #11441] ERROR -- node-centos65: /Users/pbomars/.rvm/gems/ruby-2.2.0/gems/test-kitchen-1.3.1/lib/kitchen/instance.rb:381:in `block in action'
E, [2015-02-20T15:42:47.271111 #11441] ERROR -- node-centos65: /Users/pbomars/.rvm/rubies/ruby-2.2.0/lib/ruby/2.2.0/benchmark.rb:288:in `measure'
E, [2015-02-20T15:42:47.271123 #11441] ERROR -- node-centos65: /Users/pbomars/.rvm/gems/ruby-2.2.0/gems/test-kitchen-1.3.1/lib/kitchen/instance.rb:380:in `action'
E, [2015-02-20T15:42:47.271138 #11441] ERROR -- node-centos65: /Users/pbomars/.rvm/gems/ruby-2.2.0/gems/test-kitchen-1.3.1/lib/kitchen/instance.rb:352:in `perform_action'
E, [2015-02-20T15:42:47.271154 #11441] ERROR -- node-centos65: /Users/pbomars/.rvm/gems/ruby-2.2.0/gems/test-kitchen-1.3.1/lib/kitchen/instance.rb:303:in `create_action'
E, [2015-02-20T15:42:47.271167 #11441] ERROR -- node-centos65: /Users/pbomars/.rvm/gems/ruby-2.2.0/gems/test-kitchen-1.3.1/lib/kitchen/instance.rb:292:in `block in transition_to'
E, [2015-02-20T15:42:47.271181 #11441] ERROR -- node-centos65: /Users/pbomars/.rvm/gems/ruby-2.2.0/gems/test-kitchen-1.3.1/lib/kitchen/instance.rb:291:in `each'
E, [2015-02-20T15:42:47.271197 #11441] ERROR -- node-centos65: /Users/pbomars/.rvm/gems/ruby-2.2.0/gems/test-kitchen-1.3.1/lib/kitchen/instance.rb:291:in `transition_to'
E, [2015-02-20T15:42:47.271212 #11441] ERROR -- node-centos65: /Users/pbomars/.rvm/gems/ruby-2.2.0/gems/test-kitchen-1.3.1/lib/kitchen/instance.rb:119:in `create'
E, [2015-02-20T15:42:47.271228 #11441] ERROR -- node-centos65: /Users/pbomars/.rvm/gems/ruby-2.2.0/gems/test-kitchen-1.3.1/lib/kitchen/command.rb:176:in `public_send'
E, [2015-02-20T15:42:47.271244 #11441] ERROR -- node-centos65: /Users/pbomars/.rvm/gems/ruby-2.2.0/gems/test-kitchen-1.3.1/lib/kitchen/command.rb:176:in `block (2 levels) in run_action'
E, [2015-02-20T15:42:47.271272 #11441] ERROR -- node-centos65: ----------------------
I, [2015-02-20T15:43:11.156727 #11545]  INFO -- node-centos65: -----> Creating <node-centos65>...
I, [2015-02-20T15:43:12.578717 #11545]  INFO -- node-centos65: Bringing machine 'default' up with 'virtualbox' provider...
I, [2015-02-20T15:43:12.725271 #11545]  INFO -- node-centos65: ==> default: Importing base box 'learningchef/centos65'...
I, [2015-02-20T15:43:19.778630 #11545]  INFO -- node-centos65: [KProgress: 20%[KProgress: 40%[KProgress: 60%[KProgress: 80%[KProgress: 90%[K==> default: Matching MAC address for NAT networking...
I, [2015-02-20T15:43:19.934892 #11545]  INFO -- node-centos65: ==> default: Checking if box 'learningchef/centos65' is up to date...
I, [2015-02-20T15:43:21.561299 #11545]  INFO -- node-centos65: ==> default: Setting the name of the VM: node-centos65_default_1424475801520_37134
I, [2015-02-20T15:43:21.970429 #11545]  INFO -- node-centos65: ==> default: Fixed port collision for 22 => 2222. Now on port 2200.
I, [2015-02-20T15:43:22.181588 #11545]  INFO -- node-centos65: ==> default: Clearing any previously set network interfaces...
I, [2015-02-20T15:43:22.339261 #11545]  INFO -- node-centos65: ==> default: Preparing network interfaces based on configuration...
I, [2015-02-20T15:43:22.339624 #11545]  INFO -- node-centos65:     default: Adapter 1: nat
I, [2015-02-20T15:43:22.339839 #11545]  INFO -- node-centos65:     default: Adapter 2: hostonly
I, [2015-02-20T15:43:22.385663 #11545]  INFO -- node-centos65: ==> default: Forwarding ports...
I, [2015-02-20T15:43:22.447468 #11545]  INFO -- node-centos65:     default: 22 => 2200 (adapter 1)
I, [2015-02-20T15:43:22.575203 #11545]  INFO -- node-centos65: ==> default: Booting VM...
I, [2015-02-20T15:43:22.821131 #11545]  INFO -- node-centos65: ==> default: Waiting for machine to boot. This may take a few minutes...
I, [2015-02-20T15:43:23.063886 #11545]  INFO -- node-centos65:     default: SSH address: 127.0.0.1:2200
I, [2015-02-20T15:43:23.064011 #11545]  INFO -- node-centos65:     default: SSH username: vagrant
I, [2015-02-20T15:43:23.064274 #11545]  INFO -- node-centos65:     default: SSH auth method: private key
I, [2015-02-20T15:43:38.234739 #11545]  INFO -- node-centos65:     default: Warning: Connection timeout. Retrying...
I, [2015-02-20T15:43:38.372414 #11545]  INFO -- node-centos65:     default: Warning: Remote connection disconnect. Retrying...
I, [2015-02-20T15:43:39.279304 #11545]  INFO -- node-centos65:     default: 
I, [2015-02-20T15:43:39.279416 #11545]  INFO -- node-centos65:     default: Vagrant insecure key detected. Vagrant will automatically replace
I, [2015-02-20T15:43:39.279486 #11545]  INFO -- node-centos65:     default: this with a newly generated keypair for better security.
I, [2015-02-20T15:43:39.919858 #11545]  INFO -- node-centos65:     default: 
I, [2015-02-20T15:43:39.919911 #11545]  INFO -- node-centos65:     default: Inserting generated public key within guest...
I, [2015-02-20T15:43:40.053197 #11545]  INFO -- node-centos65:     default: Removing insecure key from the guest if its present...
I, [2015-02-20T15:43:40.152297 #11545]  INFO -- node-centos65:     default: Key inserted! Disconnecting and reconnecting using new SSH key...
I, [2015-02-20T15:43:40.903508 #11545]  INFO -- node-centos65: ==> default: Machine booted and ready!
I, [2015-02-20T15:43:40.903879 #11545]  INFO -- node-centos65: ==> default: Checking for guest additions in VM...
I, [2015-02-20T15:43:40.944998 #11545]  INFO -- node-centos65: ==> default: Setting hostname...
I, [2015-02-20T15:43:46.890218 #11545]  INFO -- node-centos65: ==> default: Configuring and enabling network interfaces...
I, [2015-02-20T15:43:47.524014 #11545]  INFO -- node-centos65: ==> default: Mounting shared folders...
I, [2015-02-20T15:43:47.524313 #11545]  INFO -- node-centos65:     default: /chef-repo => /Users/pbomars/chef-repo
I, [2015-02-20T15:43:47.913533 #11545]  INFO -- node-centos65: ==> default: Machine not provisioning because `--no-provision` is specified.
I, [2015-02-20T15:43:49.762641 #11545]  INFO -- node-centos65: Vagrant instance <node-centos65> created.
I, [2015-02-20T15:43:49.764640 #11545]  INFO -- node-centos65: Finished creating <node-centos65> (0m38.61s).
