I, [2015-02-18T14:48:47.287893 #8100]  INFO -- Kitchen: -----> Starting Kitchen (v1.3.1)
I, [2015-02-18T14:48:47.761253 #8100]  INFO -- Kitchen: -----> Creating <default-centos65>...
I, [2015-02-18T14:49:21.076053 #8100]  INFO -- Kitchen: -----> Converging <default-centos65>...
I, [2015-02-18T14:49:35.087184 #8100]  INFO -- Kitchen: -----> Kitchen is finished. (0m47.80s)
I, [2015-02-18T14:50:35.119291 #8311]  INFO -- Kitchen: -----> Starting Kitchen (v1.3.1)
I, [2015-02-18T14:50:35.571155 #8311]  INFO -- Kitchen: -----> Converging <default-centos65>...
E, [2015-02-18T14:50:49.588336 #8311] ERROR -- Kitchen: Converge failed on instance <default-centos65>.
I, [2015-02-18T14:52:16.526962 #8753]  INFO -- Kitchen: -----> Starting Kitchen (v1.3.1)
I, [2015-02-18T14:52:16.966833 #8753]  INFO -- Kitchen: -----> Converging <default-centos65>...
I, [2015-02-18T14:52:24.362610 #8753]  INFO -- Kitchen: -----> Kitchen is finished. (0m7.84s)
I, [2015-02-18T14:54:01.746776 #8850]  INFO -- Kitchen: -----> Starting Kitchen (v1.3.1)
I, [2015-02-18T14:54:02.225902 #8850]  INFO -- Kitchen: -----> Converging <default-centos65>...
I, [2015-02-18T14:54:07.059195 #8850]  INFO -- Kitchen: -----> Kitchen is finished. (0m5.31s)
I, [2015-02-18T14:55:16.359339 #8899]  INFO -- Kitchen: -----> Starting Kitchen (v1.3.1)
I, [2015-02-18T14:55:16.834921 #8899]  INFO -- Kitchen: -----> Converging <default-centos65>...
I, [2015-02-18T14:55:21.969098 #8899]  INFO -- Kitchen: -----> Kitchen is finished. (0m5.61s)
I, [2015-02-18T15:01:08.657237 #9117]  INFO -- Kitchen: -----> Starting Kitchen (v1.3.1)
I, [2015-02-18T15:01:09.104132 #9117]  INFO -- Kitchen: -----> Converging <default-centos65>...
I, [2015-02-18T15:01:14.187734 #9117]  INFO -- Kitchen: -----> Kitchen is finished. (0m5.53s)
I, [2015-02-18T15:03:26.751536 #9239]  INFO -- Kitchen: -----> Starting Kitchen (v1.3.1)
I, [2015-02-18T15:03:27.186487 #9239]  INFO -- Kitchen: -----> Converging <default-centos65>...
I, [2015-02-18T15:03:32.206770 #9239]  INFO -- Kitchen: -----> Kitchen is finished. (0m5.46s)
I, [2015-02-18T15:03:47.860627 #9259]  INFO -- Kitchen: -----> Starting Kitchen (v1.3.1)
I, [2015-02-18T15:03:48.319476 #9259]  INFO -- Kitchen: -----> Destroying <default-centos65>...
I, [2015-02-18T15:03:51.672718 #9259]  INFO -- Kitchen: -----> Kitchen is finished. (0m3.81s)
I, [2015-02-18T15:03:53.859273 #9308]  INFO -- Kitchen: -----> Starting Kitchen (v1.3.1)
I, [2015-02-18T15:03:54.310943 #9308]  INFO -- Kitchen: -----> Creating <default-centos65>...
I, [2015-02-18T15:04:28.633589 #9308]  INFO -- Kitchen: -----> Converging <default-centos65>...
I, [2015-02-18T15:05:03.400841 #9308]  INFO -- Kitchen: -----> Kitchen is finished. (1m9.55s)
I, [2015-02-18T15:06:23.928566 #9474]  INFO -- Kitchen: -----> Starting Kitchen (v1.3.1)
I, [2015-02-18T15:06:24.404258 #9474]  INFO -- Kitchen: -----> Destroying <default-centos65>...
I, [2015-02-18T15:06:27.834828 #9474]  INFO -- Kitchen: -----> Kitchen is finished. (0m3.91s)
